<?xml version="1.0" encoding="UTF-8"?>
<testng-results skipped="0" failed="0" ignored="0" total="1" passed="1">
  <reporter-output>
  </reporter-output>
  <suite name="Default suite" duration-ms="1299" started-at="2017-06-09T02:54:14Z" finished-at="2017-06-09T02:54:15Z">
    <groups>
    </groups>
    <test name="Default test" duration-ms="1299" started-at="2017-06-09T02:54:14Z" finished-at="2017-06-09T02:54:15Z">
      <class name="com.api.rest.api.savingstarproj.TestGetMethod">
        <test-method status="PASS" signature="testGetAccountDetails()[pri:0, instance:com.api.rest.api.savingstarproj.TestGetMethod@d2e7d9]" name="testGetAccountDetails" duration-ms="1247" started-at="2017-06-08T22:54:14Z" finished-at="2017-06-08T22:54:15Z">
          <reporter-output>
          </reporter-output>
        </test-method> <!-- testGetAccountDetails -->
      </class> <!-- com.api.rest.api.savingstarproj.TestGetMethod -->
    </test> <!-- Default test -->
  </suite> <!-- Default suite -->
</testng-results>
